<?xml version="1.0" encoding="UTF-8"?>
<testsuite name="fr.edjaz.socle.config.apidoc.SwaggerAutoConfigurationTest" tests="2" skipped="0" failures="0" errors="0" timestamp="2019-02-22T13:06:54" hostname="dev" time="0.294">
  <properties/>
  <testcase name="testSwaggerSpringfoxApiDocket" classname="fr.edjaz.socle.config.apidoc.SwaggerAutoConfigurationTest" time="0.284"/>
  <testcase name="testSwaggerSpringfoxManagementDocket" classname="fr.edjaz.socle.config.apidoc.SwaggerAutoConfigurationTest" time="0.009"/>
  <system-out><![CDATA[]]></system-out>
  <system-err><![CDATA[]]></system-err>
</testsuite>
