<?xml version="1.0" encoding="UTF-8"?>
<testsuite name="io.github.jhipster.web.util.PageUtilTest" tests="3" skipped="0" failures="0" errors="0" timestamp="2019-02-19T21:14:12" hostname="K95VJ" time="0.009">
  <properties/>
  <testcase name="generatePageFromListShouldThrowIllegalArgumentExceptionIfListNull" classname="io.github.jhipster.web.util.PageUtilTest" time="0.004"/>
  <testcase name="generatePageFromListTestShouldCreatePage" classname="io.github.jhipster.web.util.PageUtilTest" time="0.005"/>
  <testcase name="generatePageFromListShouldCreatePageWithTwoTotalPages" classname="io.github.jhipster.web.util.PageUtilTest" time="0.0"/>
  <system-out><![CDATA[]]></system-out>
  <system-err><![CDATA[]]></system-err>
</testsuite>
