<?xml version="1.0" encoding="UTF-8"?>
<testsuite name="io.github.jhipster.config.apidoc.SwaggerPluginsAutoConfigurationTest" tests="1" skipped="0" failures="0" errors="0" timestamp="2019-02-19T21:14:06" hostname="K95VJ" time="0.011">
  <properties/>
  <testcase name="testPageableParameterBuilderPlugin" classname="io.github.jhipster.config.apidoc.SwaggerPluginsAutoConfigurationTest" time="0.011"/>
  <system-out><![CDATA[]]></system-out>
  <system-err><![CDATA[]]></system-err>
</testsuite>
