<?xml version="1.0" encoding="UTF-8"?>
<testsuite name="io.github.jhipster.domain.util.FixedPostgreSQL82DialectTest" tests="3" skipped="0" failures="0" errors="0" timestamp="2019-02-19T21:14:06" hostname="K95VJ" time="0.002">
  <properties/>
  <testcase name="testBlobTypeRemap" classname="io.github.jhipster.domain.util.FixedPostgreSQL82DialectTest" time="0.001"/>
  <testcase name="testOtherTypeRemap" classname="io.github.jhipster.domain.util.FixedPostgreSQL82DialectTest" time="0.001"/>
  <testcase name="testBlobTypeRegister" classname="io.github.jhipster.domain.util.FixedPostgreSQL82DialectTest" time="0.0"/>
  <system-out><![CDATA[]]></system-out>
  <system-err><![CDATA[]]></system-err>
</testsuite>
