<?xml version="1.0" encoding="UTF-8"?>
<testsuite name="fr.edjaz.socle.web.util.PageUtilTest" tests="3" skipped="0" failures="0" errors="0" timestamp="2019-02-22T13:07:01" hostname="dev" time="0.013">
  <properties/>
  <testcase name="generatePageFromListShouldThrowIllegalArgumentExceptionIfListNull" classname="fr.edjaz.socle.web.util.PageUtilTest" time="0.006"/>
  <testcase name="generatePageFromListTestShouldCreatePage" classname="fr.edjaz.socle.web.util.PageUtilTest" time="0.005"/>
  <testcase name="generatePageFromListShouldCreatePageWithTwoTotalPages" classname="fr.edjaz.socle.web.util.PageUtilTest" time="0.0"/>
  <system-out><![CDATA[]]></system-out>
  <system-err><![CDATA[]]></system-err>
</testsuite>
