<?xml version="1.0" encoding="UTF-8"?>
<testsuite name="fr.edjaz.socle.config.apidoc.SwaggerPluginsAutoConfigurationTest" tests="1" skipped="0" failures="0" errors="0" timestamp="2019-02-22T13:06:54" hostname="dev" time="0.026">
  <properties/>
  <testcase name="testPageableParameterBuilderPlugin" classname="fr.edjaz.socle.config.apidoc.SwaggerPluginsAutoConfigurationTest" time="0.026"/>
  <system-out><![CDATA[]]></system-out>
  <system-err><![CDATA[]]></system-err>
</testsuite>
