<?xml version="1.0" encoding="UTF-8"?>
<testsuite name="io.github.jhipster.config.apidoc.PageableParameterBuilderPluginTest" tests="3" skipped="0" failures="0" errors="0" timestamp="2019-02-19T21:14:06" hostname="K95VJ" time="0.215">
  <properties/>
  <testcase name="testApply" classname="io.github.jhipster.config.apidoc.PageableParameterBuilderPluginTest" time="0.179"/>
  <testcase name="testSupports" classname="io.github.jhipster.config.apidoc.PageableParameterBuilderPluginTest" time="0.036"/>
  <testcase name="testConstructor" classname="io.github.jhipster.config.apidoc.PageableParameterBuilderPluginTest" time="0.0"/>
  <system-out><![CDATA[]]></system-out>
  <system-err><![CDATA[]]></system-err>
</testsuite>
