<?xml version="1.0" encoding="UTF-8"?>
<testsuite name="io.github.jhipster.security.uaa.LoadBalancedResourceDetailsTest" tests="7" skipped="0" failures="0" errors="0" timestamp="2019-02-19T21:14:13" hostname="K95VJ" time="0.071">
  <properties/>
  <testcase name="testWithoutClientWithEmptyTokenService" classname="io.github.jhipster.security.uaa.LoadBalancedResourceDetailsTest" time="0.065"/>
  <testcase name="testWithoutClientWithTokenService" classname="io.github.jhipster.security.uaa.LoadBalancedResourceDetailsTest" time="0.001"/>
  <testcase name="testWithClientAndTokenService" classname="io.github.jhipster.security.uaa.LoadBalancedResourceDetailsTest" time="0.001"/>
  <testcase name="testInvalidAccessTokenURI" classname="io.github.jhipster.security.uaa.LoadBalancedResourceDetailsTest" time="0.002"/>
  <testcase name="testWithClient" classname="io.github.jhipster.security.uaa.LoadBalancedResourceDetailsTest" time="0.001"/>
  <testcase name="testWithClientAndEmptyTokenService" classname="io.github.jhipster.security.uaa.LoadBalancedResourceDetailsTest" time="0.0"/>
  <testcase name="testWithoutClient" classname="io.github.jhipster.security.uaa.LoadBalancedResourceDetailsTest" time="0.0"/>
  <system-out><![CDATA[]]></system-out>
  <system-err><![CDATA[]]></system-err>
</testsuite>
