<?xml version="1.0" encoding="UTF-8"?>
<testsuite name="io.github.jhipster.service.filter.BooleanFilterTest" tests="5" skipped="0" failures="0" errors="0" timestamp="2019-02-19T21:14:12" hostname="K95VJ" time="0.0">
  <properties/>
  <testcase name="testSetIn" classname="io.github.jhipster.service.filter.BooleanFilterTest" time="0.0"/>
  <testcase name="testtoString" classname="io.github.jhipster.service.filter.BooleanFilterTest" time="0.0"/>
  <testcase name="testSetEquals" classname="io.github.jhipster.service.filter.BooleanFilterTest" time="0.0"/>
  <testcase name="testSetSpecified" classname="io.github.jhipster.service.filter.BooleanFilterTest" time="0.0"/>
  <testcase name="testConstructor" classname="io.github.jhipster.service.filter.BooleanFilterTest" time="0.0"/>
  <system-out><![CDATA[]]></system-out>
  <system-err><![CDATA[]]></system-err>
</testsuite>
