<?xml version="1.0" encoding="UTF-8"?>
<testsuite name="io.github.jhipster.security.AjaxAuthenticationFailureHandlerTest" tests="2" skipped="0" failures="0" errors="0" timestamp="2019-02-19T21:14:12" hostname="K95VJ" time="0.028">
  <properties/>
  <testcase name="testOnAuthenticationFailure" classname="io.github.jhipster.security.AjaxAuthenticationFailureHandlerTest" time="0.026"/>
  <testcase name="testOnAuthenticationFailureWithException" classname="io.github.jhipster.security.AjaxAuthenticationFailureHandlerTest" time="0.002"/>
  <system-out><![CDATA[]]></system-out>
  <system-err><![CDATA[]]></system-err>
</testsuite>
