<?xml version="1.0" encoding="UTF-8"?>
<testsuite name="io.github.jhipster.service.filter.InstantFilterTest" tests="9" skipped="0" failures="0" errors="0" timestamp="2019-02-19T21:14:12" hostname="K95VJ" time="0.002">
  <properties/>
  <testcase name="testSetLessOrEqualThan" classname="io.github.jhipster.service.filter.InstantFilterTest" time="0.001"/>
  <testcase name="testSetIn" classname="io.github.jhipster.service.filter.InstantFilterTest" time="0.0"/>
  <testcase name="testToString" classname="io.github.jhipster.service.filter.InstantFilterTest" time="0.0"/>
  <testcase name="testSetLessThan" classname="io.github.jhipster.service.filter.InstantFilterTest" time="0.001"/>
  <testcase name="testSetGreaterOrEqualThan" classname="io.github.jhipster.service.filter.InstantFilterTest" time="0.0"/>
  <testcase name="testSetEquals" classname="io.github.jhipster.service.filter.InstantFilterTest" time="0.0"/>
  <testcase name="testSetSpecified" classname="io.github.jhipster.service.filter.InstantFilterTest" time="0.0"/>
  <testcase name="testSetGreaterThan" classname="io.github.jhipster.service.filter.InstantFilterTest" time="0.0"/>
  <testcase name="testConstructor" classname="io.github.jhipster.service.filter.InstantFilterTest" time="0.0"/>
  <system-out><![CDATA[]]></system-out>
  <system-err><![CDATA[]]></system-err>
</testsuite>
