<?xml version="1.0" encoding="UTF-8"?>
<testsuite name="io.github.jhipster.security.ssl.UndertowSSLConfigurationTest" tests="2" skipped="0" failures="0" errors="0" timestamp="2019-02-19T21:14:13" hostname="K95VJ" time="0.033">
  <properties/>
  <testcase name="testUndertowSSLConfigurationKO" classname="io.github.jhipster.security.ssl.UndertowSSLConfigurationTest" time="0.031"/>
  <testcase name="testUndertowSSLConfigurationOK" classname="io.github.jhipster.security.ssl.UndertowSSLConfigurationTest" time="0.002"/>
  <system-out><![CDATA[22:14:13.107 [Test worker] INFO io.github.jhipster.security.ssl.UndertowSSLConfiguration - Configuring Undertow
22:14:13.120 [Test worker] DEBUG org.springframework.test.util.ReflectionTestUtils - Getting field 'socketOptions' from target object [io.undertow.Undertow$Builder@6c2fd801] or target class [class io.undertow.Undertow$Builder]
22:14:13.126 [Test worker] INFO io.github.jhipster.security.ssl.UndertowSSLConfiguration - Configuring Undertow
22:14:13.126 [Test worker] INFO io.github.jhipster.security.ssl.UndertowSSLConfiguration - Setting user cipher suite order to true
22:14:13.127 [Test worker] DEBUG org.springframework.test.util.ReflectionTestUtils - Getting field 'socketOptions' from target object [io.undertow.Undertow$Builder@53145c77] or target class [class io.undertow.Undertow$Builder]
]]></system-out>
  <system-err><![CDATA[]]></system-err>
</testsuite>
