<?xml version="1.0" encoding="UTF-8"?>
<testsuite name="fr.edjaz.socle.web.util.ResponseUtilTest" tests="4" skipped="0" failures="0" errors="0" timestamp="2019-02-22T13:07:01" hostname="dev" time="0.045">
  <properties/>
  <testcase name="testNoWithoutHeaders" classname="fr.edjaz.socle.web.util.ResponseUtilTest" time="0.042"/>
  <testcase name="testYesWithHeaders" classname="fr.edjaz.socle.web.util.ResponseUtilTest" time="0.002"/>
  <testcase name="testYesWithoutHeaders" classname="fr.edjaz.socle.web.util.ResponseUtilTest" time="0.0"/>
  <testcase name="testNoWithHeaders" classname="fr.edjaz.socle.web.util.ResponseUtilTest" time="0.001"/>
  <system-out><![CDATA[]]></system-out>
  <system-err><![CDATA[]]></system-err>
</testsuite>
