<?xml version="1.0" encoding="UTF-8"?>
<testsuite name="io.github.jhipster.security.uaa.UaaAutoConfigurationTest" tests="1" skipped="0" failures="0" errors="0" timestamp="2019-02-19T21:14:13" hostname="K95VJ" time="0.0">
  <properties/>
  <testcase name="testLoadBalancedResourceDetails" classname="io.github.jhipster.security.uaa.UaaAutoConfigurationTest" time="0.0"/>
  <system-out><![CDATA[]]></system-out>
  <system-err><![CDATA[]]></system-err>
</testsuite>
