<?xml version="1.0" encoding="UTF-8"?>
<testsuite name="fr.edjaz.socle.security.AjaxAuthenticationFailureHandlerTest" tests="2" skipped="0" failures="0" errors="0" timestamp="2019-02-22T13:07:02" hostname="dev" time="0.004">
  <properties/>
  <testcase name="testOnAuthenticationFailure" classname="fr.edjaz.socle.security.AjaxAuthenticationFailureHandlerTest" time="0.002"/>
  <testcase name="testOnAuthenticationFailureWithException" classname="fr.edjaz.socle.security.AjaxAuthenticationFailureHandlerTest" time="0.001"/>
  <system-out><![CDATA[]]></system-out>
  <system-err><![CDATA[]]></system-err>
</testsuite>
