<?xml version="1.0" encoding="UTF-8"?>
<testsuite name="io.github.jhipster.config.JHipsterPropertiesTest" tests="64" skipped="0" failures="0" errors="0" timestamp="2019-02-19T21:14:12" hostname="K95VJ" time="0.045">
  <properties/>
  <testcase name="testCacheInfinispanDistributedTimeToLiveSeconds" classname="io.github.jhipster.config.JHipsterPropertiesTest" time="0.001"/>
  <testcase name="testCacheInfinispanDistributedInstanceCount" classname="io.github.jhipster.config.JHipsterPropertiesTest" time="0.0"/>
  <testcase name="testSocialRedirectAfterSignIn" classname="io.github.jhipster.config.JHipsterPropertiesTest" time="0.0"/>
  <testcase name="testSecurityClientAuthorizationClientId" classname="io.github.jhipster.config.JHipsterPropertiesTest" time="0.0"/>
  <testcase name="testSwaggerUseDefaultResponseMessages" classname="io.github.jhipster.config.JHipsterPropertiesTest" time="0.0"/>
  <testcase name="testSwaggerTitle" classname="io.github.jhipster.config.JHipsterPropertiesTest" time="0.0"/>
  <testcase name="testSecurityClientAuthorizationClientSecret" classname="io.github.jhipster.config.JHipsterPropertiesTest" time="0.0"/>
  <testcase name="testCacheInfinispanReplicatedMaxEntries" classname="io.github.jhipster.config.JHipsterPropertiesTest" time="0.0"/>
  <testcase name="testCacheEhcacheTimeToLiveSeconds" classname="io.github.jhipster.config.JHipsterPropertiesTest" time="0.0"/>
  <testcase name="testLoggingLogstashQueueSize" classname="io.github.jhipster.config.JHipsterPropertiesTest" time="0.001"/>
  <testcase name="testCacheEhcacheMaxEntries" classname="io.github.jhipster.config.JHipsterPropertiesTest" time="0.0"/>
  <testcase name="testCacheMemcachedUseBinaryProtocol" classname="io.github.jhipster.config.JHipsterPropertiesTest" time="0.0"/>
  <testcase name="testCacheInfinispanReplicatedTimeToLiveSeconds" classname="io.github.jhipster.config.JHipsterPropertiesTest" time="0.0"/>
  <testcase name="testCacheInfinispanConfigFile" classname="io.github.jhipster.config.JHipsterPropertiesTest" time="0.0"/>
  <testcase name="testGatewayRateLimitingEnabled" classname="io.github.jhipster.config.JHipsterPropertiesTest" time="0.0"/>
  <testcase name="testSecurityClientAuthorizationAccessTokenUri" classname="io.github.jhipster.config.JHipsterPropertiesTest" time="0.0"/>
  <testcase name="testMailBaseUrl" classname="io.github.jhipster.config.JHipsterPropertiesTest" time="0.0"/>
  <testcase name="testAsyncQueueCapacity" classname="io.github.jhipster.config.JHipsterPropertiesTest" time="0.001"/>
  <testcase name="testCacheHazelcastManagementCenterEnabled" classname="io.github.jhipster.config.JHipsterPropertiesTest" time="0.0"/>
  <testcase name="testCacheMemcachedExpiration" classname="io.github.jhipster.config.JHipsterPropertiesTest" time="0.0"/>
  <testcase name="testGatewayRateLimitingLimit" classname="io.github.jhipster.config.JHipsterPropertiesTest" time="0.0"/>
  <testcase name="testAsyncMaxPoolSize" classname="io.github.jhipster.config.JHipsterPropertiesTest" time="0.0"/>
  <testcase name="testSwaggerContactName" classname="io.github.jhipster.config.JHipsterPropertiesTest" time="0.001"/>
  <testcase name="testGatewayRateLimitingDurationInSeconds" classname="io.github.jhipster.config.JHipsterPropertiesTest" time="0.0"/>
  <testcase name="testSecurityAuthenticationJwtBase64Secret" classname="io.github.jhipster.config.JHipsterPropertiesTest" time="0.0"/>
  <testcase name="testMetricsLogsReportFrequency" classname="io.github.jhipster.config.JHipsterPropertiesTest" time="0.0"/>
  <testcase name="testSecurityAuthenticationJwtSecret" classname="io.github.jhipster.config.JHipsterPropertiesTest" time="0.0"/>
  <testcase name="testSwaggerLicenseUrl" classname="io.github.jhipster.config.JHipsterPropertiesTest" time="0.0"/>
  <testcase name="testCacheInfinispanLocalMaxEntries" classname="io.github.jhipster.config.JHipsterPropertiesTest" time="0.0"/>
  <testcase name="testCacheInfinispanStatsEnabled" classname="io.github.jhipster.config.JHipsterPropertiesTest" time="0.0"/>
  <testcase name="testHttpUseUndertowUserCipherSuitesOrder" classname="io.github.jhipster.config.JHipsterPropertiesTest" time="0.0"/>
  <testcase name="testComplete" classname="io.github.jhipster.config.JHipsterPropertiesTest" time="0.002"/>
  <testcase name="testCacheHazelcastBackupCount" classname="io.github.jhipster.config.JHipsterPropertiesTest" time="0.0"/>
  <testcase name="testSecurityAuthenticationJwtTokenValidityInSeconds" classname="io.github.jhipster.config.JHipsterPropertiesTest" time="0.0"/>
  <testcase name="testCacheHazelcastManagementCenterUpdateInterval" classname="io.github.jhipster.config.JHipsterPropertiesTest" time="0.0"/>
  <testcase name="testLoggingLogstashEnabled" classname="io.github.jhipster.config.JHipsterPropertiesTest" time="0.0"/>
  <testcase name="testSecurityRememberMeKey" classname="io.github.jhipster.config.JHipsterPropertiesTest" time="0.0"/>
  <testcase name="testSwaggerTermsOfServiceUrl" classname="io.github.jhipster.config.JHipsterPropertiesTest" time="0.0"/>
  <testcase name="testHttpVersion" classname="io.github.jhipster.config.JHipsterPropertiesTest" time="0.001"/>
  <testcase name="testMetricsLogsEnabled" classname="io.github.jhipster.config.JHipsterPropertiesTest" time="0.0"/>
  <testcase name="testAsyncCorePoolSize" classname="io.github.jhipster.config.JHipsterPropertiesTest" time="0.0"/>
  <testcase name="testMailFrom" classname="io.github.jhipster.config.JHipsterPropertiesTest" time="0.0"/>
  <testcase name="testSecurityClientAuthorizationTokenServiceId" classname="io.github.jhipster.config.JHipsterPropertiesTest" time="0.001"/>
  <testcase name="testCacheInfinispanDistributedMaxEntries" classname="io.github.jhipster.config.JHipsterPropertiesTest" time="0.0"/>
  <testcase name="testSwaggerHost" classname="io.github.jhipster.config.JHipsterPropertiesTest" time="0.0"/>
  <testcase name="testCacheHazelcastManagementCenterUrl" classname="io.github.jhipster.config.JHipsterPropertiesTest" time="0.0"/>
  <testcase name="testCacheMemcachedServers" classname="io.github.jhipster.config.JHipsterPropertiesTest" time="0.0"/>
  <testcase name="testHttpCacheTimeToLiveInDays" classname="io.github.jhipster.config.JHipsterPropertiesTest" time="0.0"/>
  <testcase name="testSwaggerContactUrl" classname="io.github.jhipster.config.JHipsterPropertiesTest" time="0.0"/>
  <testcase name="testGatewayAuthorizedMicroservicesEndpoints" classname="io.github.jhipster.config.JHipsterPropertiesTest" time="0.006"/>
  <testcase name="testLoggingLogstashHost" classname="io.github.jhipster.config.JHipsterPropertiesTest" time="0.0"/>
  <testcase name="testLoggingLogstashPort" classname="io.github.jhipster.config.JHipsterPropertiesTest" time="0.0"/>
  <testcase name="testSwaggerLicense" classname="io.github.jhipster.config.JHipsterPropertiesTest" time="0.0"/>
  <testcase name="testCacheInfinispanLocalTimeToLiveSeconds" classname="io.github.jhipster.config.JHipsterPropertiesTest" time="0.001"/>
  <testcase name="testSecurityAuthenticationJwtTokenValidityInSecondsForRememberMe" classname="io.github.jhipster.config.JHipsterPropertiesTest" time="0.0"/>
  <testcase name="testSwaggerProtocols" classname="io.github.jhipster.config.JHipsterPropertiesTest" time="0.023"/>
  <testcase name="testSwaggerVersion" classname="io.github.jhipster.config.JHipsterPropertiesTest" time="0.001"/>
  <testcase name="testSwaggerDescription" classname="io.github.jhipster.config.JHipsterPropertiesTest" time="0.0"/>
  <testcase name="testCacheMemcachedEnabled" classname="io.github.jhipster.config.JHipsterPropertiesTest" time="0.0"/>
  <testcase name="testRegistryPassword" classname="io.github.jhipster.config.JHipsterPropertiesTest" time="0.0"/>
  <testcase name="testMailEnabled" classname="io.github.jhipster.config.JHipsterPropertiesTest" time="0.0"/>
  <testcase name="testCacheHazelcastTimeToLiveSeconds" classname="io.github.jhipster.config.JHipsterPropertiesTest" time="0.0"/>
  <testcase name="testSwaggerContactEmail" classname="io.github.jhipster.config.JHipsterPropertiesTest" time="0.0"/>
  <testcase name="testSwaggerDefaultIncludePattern" classname="io.github.jhipster.config.JHipsterPropertiesTest" time="0.0"/>
  <system-out><![CDATA[]]></system-out>
  <system-err><![CDATA[]]></system-err>
</testsuite>
