<?xml version="1.0" encoding="UTF-8"?>
<testsuite name="io.github.jhipster.domain.util.FixedH2DialectTest" tests="1" skipped="0" failures="0" errors="0" timestamp="2019-02-19T21:14:06" hostname="K95VJ" time="0.138">
  <properties/>
  <testcase name="test" classname="io.github.jhipster.domain.util.FixedH2DialectTest" time="0.138"/>
  <system-out><![CDATA[]]></system-out>
  <system-err><![CDATA[]]></system-err>
</testsuite>
