<?xml version="1.0" encoding="UTF-8"?>
<testsuite name="fr.edjaz.socle.security.AjaxLogoutSuccessHandlerTest" tests="1" skipped="0" failures="0" errors="0" timestamp="2019-02-22T13:07:02" hostname="dev" time="0.028">
  <properties/>
  <testcase name="testOnAuthenticationSuccess" classname="fr.edjaz.socle.security.AjaxLogoutSuccessHandlerTest" time="0.028"/>
  <system-out><![CDATA[]]></system-out>
  <system-err><![CDATA[]]></system-err>
</testsuite>
