<?xml version="1.0" encoding="UTF-8"?>
<testsuite name="io.github.jhipster.config.locale.AngularCookieLocaleResolverTest" tests="11" skipped="0" failures="0" errors="0" timestamp="2019-02-19T21:14:05" hostname="K95VJ" time="1.005">
  <properties/>
  <testcase name="testLocaleAndTimeZone" classname="io.github.jhipster.config.locale.AngularCookieLocaleResolverTest" time="0.978"/>
  <testcase name="testTimeZone" classname="io.github.jhipster.config.locale.AngularCookieLocaleResolverTest" time="0.001"/>
  <testcase name="testPresets" classname="io.github.jhipster.config.locale.AngularCookieLocaleResolverTest" time="0.001"/>
  <testcase name="testCookieLocaleWithQuotes" classname="io.github.jhipster.config.locale.AngularCookieLocaleResolverTest" time="0.001"/>
  <testcase name="testTraceLogLocaleAndTimeZone" classname="io.github.jhipster.config.locale.AngularCookieLocaleResolverTest" time="0.009"/>
  <testcase name="testTraceLogLocale" classname="io.github.jhipster.config.locale.AngularCookieLocaleResolverTest" time="0.001"/>
  <testcase name="testTimeZoneWithQuotes" classname="io.github.jhipster.config.locale.AngularCookieLocaleResolverTest" time="0.001"/>
  <testcase name="testLocaleAndTimeZoneWithQuotes" classname="io.github.jhipster.config.locale.AngularCookieLocaleResolverTest" time="0.001"/>
  <testcase name="testDefaults" classname="io.github.jhipster.config.locale.AngularCookieLocaleResolverTest" time="0.001"/>
  <testcase name="testLocale" classname="io.github.jhipster.config.locale.AngularCookieLocaleResolverTest" time="0.001"/>
  <testcase name="testCookieWithQuotes" classname="io.github.jhipster.config.locale.AngularCookieLocaleResolverTest" time="0.007"/>
  <system-out><![CDATA[]]></system-out>
  <system-err><![CDATA[]]></system-err>
</testsuite>
