<?xml version="1.0" encoding="UTF-8"?>
<testsuite name="fr.edjaz.socle.config.apidoc.PageableParameterBuilderPluginTest" tests="3" skipped="0" failures="0" errors="0" timestamp="2019-02-22T13:06:54" hostname="dev" time="0.449">
  <properties/>
  <testcase name="testApply" classname="fr.edjaz.socle.config.apidoc.PageableParameterBuilderPluginTest" time="0.42"/>
  <testcase name="testSupports" classname="fr.edjaz.socle.config.apidoc.PageableParameterBuilderPluginTest" time="0.027"/>
  <testcase name="testConstructor" classname="fr.edjaz.socle.config.apidoc.PageableParameterBuilderPluginTest" time="0.002"/>
  <system-out><![CDATA[]]></system-out>
  <system-err><![CDATA[]]></system-err>
</testsuite>
