<?xml version="1.0" encoding="UTF-8"?>
<testsuite name="io.github.jhipster.web.util.ResponseUtilTest" tests="4" skipped="0" failures="0" errors="0" timestamp="2019-02-19T21:14:12" hostname="K95VJ" time="0.02">
  <properties/>
  <testcase name="testNoWithoutHeaders" classname="io.github.jhipster.web.util.ResponseUtilTest" time="0.018"/>
  <testcase name="testYesWithHeaders" classname="io.github.jhipster.web.util.ResponseUtilTest" time="0.002"/>
  <testcase name="testYesWithoutHeaders" classname="io.github.jhipster.web.util.ResponseUtilTest" time="0.0"/>
  <testcase name="testNoWithHeaders" classname="io.github.jhipster.web.util.ResponseUtilTest" time="0.0"/>
  <system-out><![CDATA[]]></system-out>
  <system-err><![CDATA[]]></system-err>
</testsuite>
