<?xml version="1.0" encoding="UTF-8"?>
<testsuite name="fr.edjaz.socle.security.uaa.UaaAutoConfigurationTest" tests="1" skipped="0" failures="0" errors="0" timestamp="2019-02-22T13:07:02" hostname="dev" time="0.004">
  <properties/>
  <testcase name="testLoadBalancedResourceDetails" classname="fr.edjaz.socle.security.uaa.UaaAutoConfigurationTest" time="0.004"/>
  <system-out><![CDATA[]]></system-out>
  <system-err><![CDATA[]]></system-err>
</testsuite>
