<?xml version="1.0" encoding="UTF-8"?>
<testsuite name="fr.edjaz.socle.web.filter.CachingHttpHeadersFilterTest" tests="2" skipped="0" failures="0" errors="0" timestamp="2019-02-22T13:07:01" hostname="dev" time="0.028">
  <properties/>
  <testcase name="testWithInit" classname="fr.edjaz.socle.web.filter.CachingHttpHeadersFilterTest" time="0.024"/>
  <testcase name="testWithoutInit" classname="fr.edjaz.socle.web.filter.CachingHttpHeadersFilterTest" time="0.004"/>
  <system-out><![CDATA[]]></system-out>
  <system-err><![CDATA[]]></system-err>
</testsuite>
